<?xml version="1.0" encoding="UTF-8"?>
<testsuite name="com.revature.utility.ConnectionUtilityTest" tests="1" skipped="0" failures="0" errors="0" timestamp="2022-04-07T16:16:02" hostname="BRYCE" time="1.663">
  <properties/>
  <testcase name="testConnectionToDatabase()" classname="com.revature.utility.ConnectionUtilityTest" time="1.663"/>
  <system-out><![CDATA[]]></system-out>
  <system-err><![CDATA[]]></system-err>
</testsuite>
